{
  "stats": {
    "suites": 4,
    "tests": 4,
    "passes": 4,
    "pending": 0,
    "failures": 0,
    "start": "2025-08-28T12:43:02.159Z",
    "end": "2025-08-28T12:43:03.652Z",
    "duration": 1493,
    "testsRegistered": 4,
    "passPercent": 100,
    "pendingPercent": 0,
    "other": 0,
    "hasOther": false,
    "skipped": 0,
    "hasSkipped": false
  },
  "results": [
    {
      "uuid": "b2330c9e-4fa3-4cff-90ed-b5452b79a329",
      "title": "",
      "fullFile": "",
      "file": "",
      "beforeHooks": [],
      "afterHooks": [],
      "tests": [],
      "suites": [
        {
          "uuid": "7bb1bee6-ae81-4dca-8eb2-000c22fe2472",
          "title": "POST API Test",
          "fullFile": "/Users/testvagrant/Documents/api-automation-framework/tests/createPost.test.js",
          "file": "/tests/createPost.test.js",
          "beforeHooks": [],
          "afterHooks": [],
          "tests": [
            {
              "title": "should create a new post successfully",
              "fullTitle": "POST API Test should create a new post successfully",
              "timedOut": false,
              "duration": 378,
              "state": "passed",
              "speed": "slow",
              "pass": true,
              "fail": false,
              "pending": false,
              "context": null,
              "code": "const payload = {\n    title : \"Post API Test\",\n    body : \"First Post request.\",\n    id : 3\n};\nconst response = await postRequest(\"/posts\", payload);\nexpect(response.status).to.equal(201);\nconst data = await response.json();\nexpect(data).to.have.property(\"id\");\nexpect(data.id).to.be.a(\"number\");",
              "err": {},
              "uuid": "2ed91f67-2820-4e45-8101-a5c68a731a11",
              "parentUUID": "7bb1bee6-ae81-4dca-8eb2-000c22fe2472",
              "isHook": false,
              "skipped": false
            }
          ],
          "suites": [],
          "passes": [
            "2ed91f67-2820-4e45-8101-a5c68a731a11"
          ],
          "failures": [],
          "pending": [],
          "skipped": [],
          "duration": 378,
          "root": false,
          "rootEmpty": false,
          "_timeout": 10000
        },
        {
          "uuid": "cbbe446b-97c4-4136-b467-cacda58e193a",
          "title": "DELETE Post API Test",
          "fullFile": "/Users/testvagrant/Documents/api-automation-framework/tests/deletePost.test.js",
          "file": "/tests/deletePost.test.js",
          "beforeHooks": [],
          "afterHooks": [],
          "tests": [
            {
              "title": "should delete a post successfully",
              "fullTitle": "DELETE Post API Test should delete a post successfully",
              "timedOut": false,
              "duration": 291,
              "state": "passed",
              "speed": "slow",
              "pass": true,
              "fail": false,
              "pending": false,
              "context": null,
              "code": "const response = await deleteRequest(\"/posts/1\");\nexpect(response.status).to.be.equal(200);\nconst data = await response.text();\nexpect(data === \"\" || data === \"{}\").to.be.true;",
              "err": {},
              "uuid": "51a97131-4e09-4400-8af7-676aa8baec71",
              "parentUUID": "cbbe446b-97c4-4136-b467-cacda58e193a",
              "isHook": false,
              "skipped": false
            }
          ],
          "suites": [],
          "passes": [
            "51a97131-4e09-4400-8af7-676aa8baec71"
          ],
          "failures": [],
          "pending": [],
          "skipped": [],
          "duration": 291,
          "root": false,
          "rootEmpty": false,
          "_timeout": 10000
        },
        {
          "uuid": "af4a4cb3-af24-4212-a2b2-95c0881a6cb0",
          "title": "GET API Test",
          "fullFile": "/Users/testvagrant/Documents/api-automation-framework/tests/getUser.test.js",
          "file": "/tests/getUser.test.js",
          "beforeHooks": [],
          "afterHooks": [],
          "tests": [
            {
              "title": "should fetch user details successfully",
              "fullTitle": "GET API Test should fetch user details successfully",
              "timedOut": false,
              "duration": 30,
              "state": "passed",
              "speed": "fast",
              "pass": true,
              "fail": false,
              "pending": false,
              "context": null,
              "code": "const response = await getRequest(\"/users/1\");\nexpect(response.status).to.be.equal(200);\nconst data = await response.json();\nexpect(data).to.have.property(\"id\");\nexpect(data.id).to.equal(1);\nexpect(data).to.have.property(\"name\");\nexpect(data.name).to.be.a(\"string\");",
              "err": {},
              "uuid": "e2eb8f3f-fb1a-48d2-a665-3ce03555f151",
              "parentUUID": "af4a4cb3-af24-4212-a2b2-95c0881a6cb0",
              "isHook": false,
              "skipped": false
            }
          ],
          "suites": [],
          "passes": [
            "e2eb8f3f-fb1a-48d2-a665-3ce03555f151"
          ],
          "failures": [],
          "pending": [],
          "skipped": [],
          "duration": 30,
          "root": false,
          "rootEmpty": false,
          "_timeout": 10000
        },
        {
          "uuid": "618140c5-834d-44a4-a273-75e62af18dfb",
          "title": "UPDATE API Test",
          "fullFile": "/Users/testvagrant/Documents/api-automation-framework/tests/updatePost.test.js",
          "file": "/tests/updatePost.test.js",
          "beforeHooks": [],
          "afterHooks": [],
          "tests": [
            {
              "title": "should update an existing post successfully",
              "fullTitle": "UPDATE API Test should update an existing post successfully",
              "timedOut": false,
              "duration": 787,
              "state": "passed",
              "speed": "slow",
              "pass": true,
              "fail": false,
              "pending": false,
              "context": null,
              "code": "const updatedPayload = {\n    id: 1,\n    title: \"Updated Post Title\",\n    body: \"This post has been updated\",\n    userId: 1\n};\nconst response = await putRequest(\"/posts/1\", updatedPayload);\nexpect(response.status).to.be.equal(200);",
              "err": {},
              "uuid": "7f3c90c1-dc39-48ba-a812-7982da39e306",
              "parentUUID": "618140c5-834d-44a4-a273-75e62af18dfb",
              "isHook": false,
              "skipped": false
            }
          ],
          "suites": [],
          "passes": [
            "7f3c90c1-dc39-48ba-a812-7982da39e306"
          ],
          "failures": [],
          "pending": [],
          "skipped": [],
          "duration": 787,
          "root": false,
          "rootEmpty": false,
          "_timeout": 10000
        }
      ],
      "passes": [],
      "failures": [],
      "pending": [],
      "skipped": [],
      "duration": 0,
      "root": true,
      "rootEmpty": true,
      "_timeout": 10000
    }
  ],
  "meta": {
    "mocha": {
      "version": "11.7.1"
    },
    "mochawesome": {
      "options": {
        "quiet": false,
        "reportFilename": "mochawesome",
        "saveHtml": true,
        "saveJson": true,
        "consoleReporter": "spec",
        "useInlineDiffs": false,
        "code": true
      },
      "version": "7.1.3"
    },
    "marge": {
      "options": null,
      "version": "6.2.0"
    }
  }
}