{
  "stats": {
    "suites": 4,
    "tests": 4,
    "passes": 4,
    "pending": 0,
    "failures": 0,
    "start": "2025-08-28T12:40:23.393Z",
    "end": "2025-08-28T12:40:25.242Z",
    "duration": 1849,
    "testsRegistered": 4,
    "passPercent": 100,
    "pendingPercent": 0,
    "other": 0,
    "hasOther": false,
    "skipped": 0,
    "hasSkipped": false
  },
  "results": [
    {
      "uuid": "e0c5bd00-1f59-45bc-81ad-de694222b403",
      "title": "",
      "fullFile": "",
      "file": "",
      "beforeHooks": [],
      "afterHooks": [],
      "tests": [],
      "suites": [
        {
          "uuid": "eac16bd0-4fec-4897-aafc-6fcb6922c02c",
          "title": "POST API Test",
          "fullFile": "/Users/testvagrant/Documents/api-automation-framework/tests/createPost.test.js",
          "file": "/tests/createPost.test.js",
          "beforeHooks": [],
          "afterHooks": [],
          "tests": [
            {
              "title": "should create a new post successfully",
              "fullTitle": "POST API Test should create a new post successfully",
              "timedOut": false,
              "duration": 392,
              "state": "passed",
              "speed": "slow",
              "pass": true,
              "fail": false,
              "pending": false,
              "context": null,
              "code": "const payload = {\n    title : \"Post API Test\",\n    body : \"First Post request.\",\n    id : 3\n};\nconst response = await postRequest(\"/posts\", payload);\nexpect(response.status).to.equal(201);\nconst data = await response.json();\nexpect(data).to.have.property(\"id\");\nexpect(data.id).to.be.a(\"number\");",
              "err": {},
              "uuid": "9f9988d4-393d-40ad-b767-ac495f272b78",
              "parentUUID": "eac16bd0-4fec-4897-aafc-6fcb6922c02c",
              "isHook": false,
              "skipped": false
            }
          ],
          "suites": [],
          "passes": [
            "9f9988d4-393d-40ad-b767-ac495f272b78"
          ],
          "failures": [],
          "pending": [],
          "skipped": [],
          "duration": 392,
          "root": false,
          "rootEmpty": false,
          "_timeout": 10000
        },
        {
          "uuid": "7605453e-d5e4-4a27-b332-9f726c0d415d",
          "title": "DELETE Post API Test",
          "fullFile": "/Users/testvagrant/Documents/api-automation-framework/tests/deletePost.test.js",
          "file": "/tests/deletePost.test.js",
          "beforeHooks": [],
          "afterHooks": [],
          "tests": [
            {
              "title": "should delete a post successfully",
              "fullTitle": "DELETE Post API Test should delete a post successfully",
              "timedOut": false,
              "duration": 733,
              "state": "passed",
              "speed": "slow",
              "pass": true,
              "fail": false,
              "pending": false,
              "context": null,
              "code": "const response = await deleteRequest(\"/posts/1\");\nexpect(response.status).to.be.equal(200);\nconst data = await response.text();\nexpect(data === \"\" || data === \"{}\").to.be.true;",
              "err": {},
              "uuid": "a26837d3-6f67-47a3-8913-6fb65e5657fc",
              "parentUUID": "7605453e-d5e4-4a27-b332-9f726c0d415d",
              "isHook": false,
              "skipped": false
            }
          ],
          "suites": [],
          "passes": [
            "a26837d3-6f67-47a3-8913-6fb65e5657fc"
          ],
          "failures": [],
          "pending": [],
          "skipped": [],
          "duration": 733,
          "root": false,
          "rootEmpty": false,
          "_timeout": 10000
        },
        {
          "uuid": "1b492b10-cccc-4dc0-8b79-4c0806bd5a4c",
          "title": "GET API Test",
          "fullFile": "/Users/testvagrant/Documents/api-automation-framework/tests/getUser.test.js",
          "file": "/tests/getUser.test.js",
          "beforeHooks": [],
          "afterHooks": [],
          "tests": [
            {
              "title": "should fetch user details successfully",
              "fullTitle": "GET API Test should fetch user details successfully",
              "timedOut": false,
              "duration": 33,
              "state": "passed",
              "speed": "fast",
              "pass": true,
              "fail": false,
              "pending": false,
              "context": null,
              "code": "const response = await getRequest(\"/users/1\");\nexpect(response.status).to.be.equal(200);\nconst data = await response.json();\nexpect(data).to.have.property(\"id\");\nexpect(data.id).to.equal(1);\nexpect(data).to.have.property(\"name\");\nexpect(data.name).to.be.a(\"string\");",
              "err": {},
              "uuid": "3cc376db-4a12-4752-8f49-d7ab5ddf04fc",
              "parentUUID": "1b492b10-cccc-4dc0-8b79-4c0806bd5a4c",
              "isHook": false,
              "skipped": false
            }
          ],
          "suites": [],
          "passes": [
            "3cc376db-4a12-4752-8f49-d7ab5ddf04fc"
          ],
          "failures": [],
          "pending": [],
          "skipped": [],
          "duration": 33,
          "root": false,
          "rootEmpty": false,
          "_timeout": 10000
        },
        {
          "uuid": "7f311f86-1e67-49e3-a958-1a73517f4d68",
          "title": "UPDATE API Test",
          "fullFile": "/Users/testvagrant/Documents/api-automation-framework/tests/updatePost.test.js",
          "file": "/tests/updatePost.test.js",
          "beforeHooks": [],
          "afterHooks": [],
          "tests": [
            {
              "title": "should update an existing post successfully",
              "fullTitle": "UPDATE API Test should update an existing post successfully",
              "timedOut": false,
              "duration": 678,
              "state": "passed",
              "speed": "slow",
              "pass": true,
              "fail": false,
              "pending": false,
              "context": null,
              "code": "const updatedPayload = {\n    id: 1,\n    title: \"Updated Post Title\",\n    body: \"This post has been updated\",\n    userId: 1\n};\nconst response = await putRequest(\"/posts/1\", updatedPayload);\nexpect(response.status).to.be.equal(200);",
              "err": {},
              "uuid": "0eda6162-6716-4ae9-ada0-5b891fbc0a82",
              "parentUUID": "7f311f86-1e67-49e3-a958-1a73517f4d68",
              "isHook": false,
              "skipped": false
            }
          ],
          "suites": [],
          "passes": [
            "0eda6162-6716-4ae9-ada0-5b891fbc0a82"
          ],
          "failures": [],
          "pending": [],
          "skipped": [],
          "duration": 678,
          "root": false,
          "rootEmpty": false,
          "_timeout": 10000
        }
      ],
      "passes": [],
      "failures": [],
      "pending": [],
      "skipped": [],
      "duration": 0,
      "root": true,
      "rootEmpty": true,
      "_timeout": 10000
    }
  ],
  "meta": {
    "mocha": {
      "version": "11.7.1"
    },
    "mochawesome": {
      "options": {
        "quiet": false,
        "reportFilename": "mochawesome",
        "saveHtml": true,
        "saveJson": true,
        "consoleReporter": "spec",
        "useInlineDiffs": false,
        "code": true
      },
      "version": "7.1.3"
    },
    "marge": {
      "options": null,
      "version": "6.2.0"
    }
  }
}